\BOOKMARK [0][]{Titlepage.0}{Titlepage}{}% 1
\BOOKMARK [0][]{Abstract.0}{Abstract}{}% 2
\BOOKMARK [0][]{Resumen.0}{Resumen}{}% 3
\BOOKMARK [0][]{Acknowledgements.0}{Acknowledgements}{}% 4
\BOOKMARK [0][]{tableofcontents.0}{Contents}{}% 5
\BOOKMARK [0][]{lof.0}{List of Figures}{}% 6
\BOOKMARK [0][]{lot.0}{List of Tables}{}% 7
\BOOKMARK [0][]{acronyms.0}{Acronyms}{}% 8
\BOOKMARK [-1][]{part.1}{Introduction}{}% 9
\BOOKMARK [0][]{chapter.1}{1 Introduction}{part.1}% 10
\BOOKMARK [1][-]{section.1.1}{1.1 Motivation}{chapter.1}% 11
\BOOKMARK [1][-]{section.1.2}{1.2 The Small Sample Size Problem}{chapter.1}% 12
\BOOKMARK [1][-]{section.1.3}{1.3 Aims and Objectives}{chapter.1}% 13
\BOOKMARK [1][-]{section.1.4}{1.4 Organization of this Thesis}{chapter.1}% 14
\BOOKMARK [1][-]{section.1.5}{1.5 Contributions}{chapter.1}% 15
\BOOKMARK [2][-]{subsection.1.5.1}{1.5.1 Articles}{section.1.5}% 16
\BOOKMARK [2][-]{subsection.1.5.2}{1.5.2 Conferences}{section.1.5}% 17
\BOOKMARK [2][-]{subsection.1.5.3}{1.5.3 Books}{section.1.5}% 18
\BOOKMARK [0][]{chapter.2}{2 State of the Art}{part.1}% 19
\BOOKMARK [1][-]{section.2.1}{2.1 Introduction to Neuroimaging}{chapter.2}% 20
\BOOKMARK [2][-]{subsection.2.1.1}{2.1.1 Magnetic Resonance Imaging}{section.2.1}% 21
\BOOKMARK [2][-]{subsection.2.1.2}{2.1.2 Single Photon Emission Computed Tomography}{section.2.1}% 22
\BOOKMARK [2][-]{subsection.2.1.3}{2.1.3 Positron Emission Tomography}{section.2.1}% 23
\BOOKMARK [1][-]{section.2.2}{2.2 Medical Background}{chapter.2}% 24
\BOOKMARK [2][-]{subsection.2.2.1}{2.2.1 Alzheimer's Disease}{section.2.2}% 25
\BOOKMARK [2][-]{subsection.2.2.2}{2.2.2 Parkinsonism}{section.2.2}% 26
\BOOKMARK [2][-]{subsection.2.2.3}{2.2.3 Autism Spectrum Disorder}{section.2.2}% 27
\BOOKMARK [1][-]{section.2.3}{2.3 Voxelwise Analyses}{chapter.2}% 28
\BOOKMARK [2][-]{subsection.2.3.1}{2.3.1 Statistical Parametric Mapping}{section.2.3}% 29
\BOOKMARK [2][-]{subsection.2.3.2}{2.3.2 Voxel Based Morphometry}{section.2.3}% 30
\BOOKMARK [2][-]{subsection.2.3.3}{2.3.3 The Multiple Comparisons Problem}{section.2.3}% 31
\BOOKMARK [1][-]{section.2.4}{2.4 Machine Learning in Neuroimaging}{chapter.2}% 32
\BOOKMARK [2][-]{subsection.2.4.1}{2.4.1 Voxels as Features}{section.2.4}% 33
\BOOKMARK [2][-]{subsection.2.4.2}{2.4.2 Multivariate Analyses}{section.2.4}% 34
\BOOKMARK [0][]{chapter.3}{3 General Methodology}{part.1}% 35
\BOOKMARK [1][-]{section.3.1}{3.1 Spatial Preprocessing}{chapter.3}% 36
\BOOKMARK [2][-]{subsection.3.1.1}{3.1.1 Spatial Normalization or Registration}{section.3.1}% 37
\BOOKMARK [2][-]{subsection.3.1.2}{3.1.2 Segmentation}{section.3.1}% 38
\BOOKMARK [1][-]{section.3.2}{3.2 Intensity Normalization}{chapter.3}% 39
\BOOKMARK [1][-]{section.3.3}{3.3 Evaluation Parameters and Methodology}{chapter.3}% 40
\BOOKMARK [2][-]{subsection.3.3.1}{3.3.1 Cross-validation}{section.3.3}% 41
\BOOKMARK [2][-]{subsection.3.3.2}{3.3.2 Classification Performance}{section.3.3}% 42
\BOOKMARK [-1][]{part.2}{Reducing the Feature Space}{}% 43
\BOOKMARK [0][]{chapter.4}{4 Image Decomposition}{part.2}% 44
\BOOKMARK [1][-]{section.4.1}{4.1 Feature Selection}{chapter.4}% 45
\BOOKMARK [2][-]{subsection.4.1.1}{4.1.1 t-test}{section.4.1}% 46
\BOOKMARK [2][-]{subsection.4.1.2}{4.1.2 Kullback-Leibler Divergence}{section.4.1}% 47
\BOOKMARK [2][-]{subsection.4.1.3}{4.1.3 Mann-Whitney-Wilcoxon}{section.4.1}% 48
\BOOKMARK [1][-]{section.4.2}{4.2 Decomposition Algorithms}{chapter.4}% 49
\BOOKMARK [2][-]{subsection.4.2.1}{4.2.1 Factor Analysis}{section.4.2}% 50
\BOOKMARK [2][-]{subsection.4.2.2}{4.2.2 Independent Component Analysis}{section.4.2}% 51
\BOOKMARK [1][-]{section.4.3}{4.3 Results}{chapter.4}% 52
\BOOKMARK [2][-]{subsection.4.3.1}{4.3.1 Alzheimer's Disease}{section.4.3}% 53
\BOOKMARK [2][-]{subsection.4.3.2}{4.3.2 Parkinson's Disease}{section.4.3}% 54
\BOOKMARK [1][-]{section.4.4}{4.4 Discussion}{chapter.4}% 55
\BOOKMARK [0][]{chapter.5}{5 Texture Features}{part.2}% 56
\BOOKMARK [1][-]{section.5.1}{5.1 Introduction}{chapter.5}% 57
\BOOKMARK [1][-]{section.5.2}{5.2 Haralick Texture Features}{chapter.5}% 58
\BOOKMARK [