\BOOKMARK [1][-]{Dedication.1}{Dedication}{}% 1
\BOOKMARK [1][-]{Abstract.1}{Abstract}{}% 2
\BOOKMARK [1][-]{Resumen.1}{Resumen}{}% 3
\BOOKMARK [1][-]{publicaciones.1}{Publicaciones}{}% 4
\BOOKMARK [1][-]{agradecimientos.1}{Agradecimientos}{}% 5
\BOOKMARK [1][-]{tableofcontents.1}{Contents}{}% 6
\BOOKMARK [1][-]{lof.1}{List of Figures}{}% 7
\BOOKMARK [1][-]{lot.1}{List of Tables}{}% 8
\BOOKMARK [1][-]{lol.1}{Listings}{}% 9
\BOOKMARK [1][-]{acronyms.1}{Acronyms}{}% 10
\BOOKMARK [-1][]{part.1}{Introduction}{}% 11
\BOOKMARK [0][]{chapter.1}{1 Introduction}{part.1}% 12
\BOOKMARK [1][-]{section.1.1}{1.1 Motivation}{chapter.1}% 13
\BOOKMARK [2][-]{subsection.1.1.1}{1.1.1 The Small Sample Size Problem}{section.1.1}% 14
\BOOKMARK [1][-]{section.1.2}{1.2 Neuroimaging Modalities}{chapter.1}% 15
\BOOKMARK [2][-]{subsection.1.2.1}{1.2.1 Magnetic Resonance Imaging}{section.1.2}% 16
\BOOKMARK [2][-]{subsection.1.2.2}{1.2.2 Single Photon Emission Computed Tomography}{section.1.2}% 17
\BOOKMARK [2][-]{subsection.1.2.3}{1.2.3 Positron Emission Tomography}{section.1.2}% 18
\BOOKMARK [2][-]{subsection.1.2.4}{1.2.4 Other Modalities}{section.1.2}% 19
\BOOKMARK [1][-]{section.1.3}{1.3 Machine Learning in Neuroimaging}{chapter.1}% 20
\BOOKMARK [1][-]{section.1.4}{1.4 Overview}{chapter.1}% 21
\BOOKMARK [0][]{chapter.2}{2 Medical Background}{part.1}% 22
\BOOKMARK [1][-]{section.2.1}{2.1 Alzheimer's Disease}{chapter.2}% 23
\BOOKMARK [2][-]{subsection.2.1.1}{2.1.1 Diagnosis}{section.2.1}% 24
\BOOKMARK [1][-]{section.2.2}{2.2 Parkinsonism}{chapter.2}% 25
\BOOKMARK [2][-]{subsection.2.2.1}{2.2.1 Parkinson's Disease}{section.2.2}% 26
\BOOKMARK [2][-]{subsection.2.2.2}{2.2.2 Extrapyramidal Symptoms}{section.2.2}% 27
\BOOKMARK [2][-]{subsection.2.2.3}{2.2.3 Diagnosis}{section.2.2}% 28
\BOOKMARK [1][-]{section.2.3}{2.3 Autism Spectrum Disorder}{chapter.2}% 29
\BOOKMARK [2][-]{subsection.2.3.1}{2.3.1 Diagnosis}{section.2.3}% 30
\BOOKMARK [0][]{chapter.3}{3 Computer Aided Diagnosis}{part.1}% 31
\BOOKMARK [1][-]{section.3.1}{3.1 Statistical Parametric Mapping \(SPM\)}{chapter.3}% 32
\BOOKMARK [1][-]{section.3.2}{3.2 Voxel Based Morphometry \(VBM\)}{chapter.3}% 33
\BOOKMARK [1][-]{section.3.3}{3.3 Voxels As Features \(VAF\)}{chapter.3}% 34
\BOOKMARK [0][]{chapter.4}{4 Image Preprocessing}{part.1}% 35
\BOOKMARK [1][-]{section.4.1}{4.1 Spatial Preprocessing }{chapter.4}% 36
\BOOKMARK [2][-]{subsection.4.1.1}{4.1.1 Spatial Normalization or Registration}{section.4.1}% 37
\BOOKMARK [2][-]{subsection.4.1.2}{4.1.2 Segmentation}{section.4.1}% 38
\BOOKMARK [1][-]{section.4.2}{4.2 Intensity Normalization}{chapter.4}% 39
\BOOKMARK [2][-]{subsection.4.2.1}{4.2.1 Normalization to the Maximum}{section.4.2}% 40
\BOOKMARK [2][-]{subsection.4.2.2}{4.2.2 Integral Normalization}{section.4.2}% 41
\BOOKMARK [1][-]{section.4.3}{4.3 Voxel-wise Analyses}{chapter.4}% 42
\BOOKMARK [2][-]{subsection.4.3.1}{4.3.1 Statistical Parametric Mapping}{section.4.3}% 43
\BOOKMARK [2][-]{subsection.4.3.2}{4.3.2 Voxel Based Morphometry}{section.4.3}% 44
\BOOKMARK [2][-]{subsection.4.3.3}{4.3.3 Voxels as Features}{section.4.3}% 45
\BOOKMARK [-1][]{part.2}{Feature Size Reduction}{}% 46
\BOOKMARK [0][]{chapter.5}{5 Image Decomposition}{part.2}% 47
\BOOKMARK [1][-]{section.5.1}{5.1 Feature Selection}{chapter.5}% 48
\BOOKMARK [2][-]{subsection.5.1.1}{5.1.1 t-Test}{section.5.1}% 49
\BOOKMARK [2][-]{subsection.5.1.2}{5.1.2 Mann-Whitney-Wilcoxon}{section.5.1}% 50
\BOOKMARK [2][-]{subsection.5.1.3}{5.1.3 Relative Entropy}{section.5.1}% 51
\BOOKMARK [1][-]{section.5.2}{5.2 Factor Analysis}{chapter.5}% 52
\BOOKMARK [1][-]{section.5.3}{5.3 Independent Component Analysis}{chapter.5}% 53
\BOOKMARK [2][-]{subsection.5.3.1}{5.3.1 FastICA}{section.5.3}% 54
\BOOKMARK [1][-]{section.5.4}{5.4 Results}{chapter.5}% 55
\BOOKMARK [0][]{chapter.6}{6 Texture Features}{part.2}% 56
\BOOKMARK [1][-]{section.6.1}{6.1 Introduction}{chapter.6}% 57
\BOOKMARK [1][-]{section.6.2}{6.2 Haralick Texture Features}{chapter.6}% 58
\BOOKMARK [1][-]{section.6.3}{6.3 Results}{chapter.6}% 59
\BOOKMARK [1][-]{section.6.4}{6.4 Discussion}{chapter.6}% 60
\BOOKMARK [0][]{chapter.7}{7 Spherical Brain Mapping}{part.2}% 61
\BOOKMARK [1][-]{section.7.1}{7.1 Introduction}{chapter.7}% 62
\BOOKMARK [1][-]{section.7.2}{7.2 Spherical Brain Mapping}{chapter.7}% 63
\BOOKMARK [1][-]{section.7.3}{7.3 Volumetric Radial LBP}{chapter.7}% 64
\BOOKMARK [1][-]{section.7.4}{7.4 Path v\355a Hidden Markov Models}{chapter.7}% 65
\BOOKMARK [1][-]{section.7.5}{7.5 Results}{chapter.7}% 66
\BOOKMARK [-1][]{part.3}{Sample Size Increasing}{}% 67
\BOOKMARK [0][]{chapter.8}{8 Significance Weighted Principal Component Analysis}{part.3}% 68
\BOOKMARK [1][-]{section.8.1}{8.1 Significance Weighted Principal Component Analysis}{chapter.8}% 69
\BOOKMARK [2][-]{subsection.8.1.1}{8.1.1 Principal Component Analysis}{section.8.1}% 70
\BOOKMARK [2][-]{subsection.8.1.2}{8.1.2 One-Way Analysis of Variance}{section.8.1}% 71
\BOOKMARK [2][-]{subsection.8.1.3}{8.1.3 Weighting Function}{section.8.1}% 72
\BOOKMARK [1][-]{section.8.2}{8.2 Results for AIMS-MRI Dataset}{chapter.8}% 73
\BOOKMARK [2][-]{subsection.8.2.1}{8.2.1 Experiment 1: Effect of Acquisition Site}{section.8.2}% 74
\BOOKMARK [2][-]{subsection.8.2.2}{8.2.2 Experiment 2: Within-site Between-Group Differences}{section.8.2}% 75
\BOOKMARK [2][-]{subsection.8.2.3}{8.2.3 Experiment 3: Effect of SWPCA on Group Differences}{section.8.2}% 76
\BOOKMARK [2][-]{subsection.8.2.4}{8.2.4 Discussion}{section.8.2}% 77
\BOOKMARK [1][-]{section.8.3}{8.3 Results for DaTSCAN Datasets}{chapter.8}% 78
\BOOKMARK [0][]{chapter.9}{9 Simulation of Functional Brain Images}{part.3}% 79
\BOOKMARK [1][-]{section.9.1}{9.1 Simulation Procedure}{chapter.9}% 80
\BOOKMARK [2][-]{subsection.9.1.1}{9.1.1 Decomposition via PCA}{section.9.1}% 81
\BOOKMARK [2][-]{subsection.9.1.2}{9.1.2 Probability Density Modelling using Kernel Density Estimation}{section.9.1}% 82
\BOOKMARK [2][-]{subsection.9.1.3}{9.1.3 Probability Density Modelling using Multivariate Gaussian}{section.9.1}% 83
\BOOKMARK [2][-]{subsection.9.1.4}{9.1.4 Random Number Generation}{section.9.1}% 84
\BOOKMARK [2][-]{subsection.9.1.5}{9.1.5 Brain Image Synthesis}{section.9.1}% 85
\BOOKMARK [1][-]{section.9.2}{9.2 Experimental Setup}{chapter.9}% 86
\BOOKMARK [1][-]{section.9.3}{9.3 Results for ADNI-PET Dataset}{chapter.9}% 87
\BOOKMARK [2][-]{subsection.9.3.1}{9.3.1 Experiment 1}{section.9.3}% 88
\BOOKMARK [1][-]{section.9.4}{9.4 Results for DaTSCAN Datasets}{chapter.9}% 89
\BOOKMARK [-1][]{part.4}{General Discussion and Conclusions}{}% 90
\BOOKMARK [-1][]{part.5}{Appendix}{}% 91
\BOOKMARK [0][]{appendix.Alph1}{A Datasets}{part.5}% 92
\BOOKMARK [1][-]{section.Alph1.1}{A.1 Magnetic Resonance Imaging}{appendix.Alph1}% 93
\BOOKMARK [2][-]{subsection.Alph1.1.1}{A.1.1 ADNI-MRI, Alzheimer's Disease Neuroimaging Initiative}{section.Alph1.1}% 94
\BOOKMARK [2][-]{subsection.Alph1.1.2}{A.1.2 AIMS-MRI, MRC-AIMS Consortium}{section.Alph1.1}% 95
\BOOKMARK [1][-]{section.Alph1.2}{A.2 Positron Emission Tomography}{appendix.Alph1}% 96
\BOOKMARK [2][-]{subsection.Alph1.2.1}{A.2.1 ADNI-PET, Alzheimer's Disease Neuroimaging Initiative}{section.Alph1.2}% 97
\BOOKMARK [1][-]{section.Alph1.3}{A.3 Single Photon Emission Computed Tomography}{appendix.Alph1}% 98
\BOOKMARK [2][-]{subsection.Alph1.3.1}{A.3.1 VDLN-HMPAO, Virgen de las Nieves}{section.Alph1.3}% 99
\BOOKMARK [2][-]{subsection.Alph1.3.2}{A.3.2 VDLN-DAT, Virgen de las Nieves}{section.Alph1.3}% 100
\BOOKMARK [2][-]{subsection.Alph1.3.3}{A.3.3 VDLV-DAT, Virgen de la Victoria Hospital}{section.Alph1.3}% 101
\BOOKMARK [2][-]{subsection.Alph1.3.4}{A.3.4 PPMI-DAT, Parkinson's Progression Markers Initiative}{section.Alph1.3}% 102
\BOOKMARK [0][]{appendix.Alph2}{B Background on Support Vector Machines}{part.5}% 103
\BOOKMARK [0][]{dummy.8}{Bibliography}{part.5}% 104
\BOOKMARK [0][]{declaracion.0}{Declaraci\363n}{part.5}% 105
\BOOKMARK [0][]{colophon.0}{Colophon}{part.5}% 106
