\BOOKMARK [0][]{Titlepage.0}{Titlepage}{}% 1
\BOOKMARK [1][-]{Dedication.1}{Dedication}{Titlepage.0}% 2
\BOOKMARK [0][]{Abstract.0}{Abstract}{}% 3
\BOOKMARK [0][]{Resumen.0}{Resumen}{}% 4
\BOOKMARK [0][]{Agradecimientos.0}{Agradecimientos}{}% 5
\BOOKMARK [0][]{tableofcontents.0}{Contents}{}% 6
\BOOKMARK [0][]{lof.0}{List of Figures}{}% 7
\BOOKMARK [0][]{lot.0}{List of Tables}{}% 8
\BOOKMARK [0][]{acronyms.0}{Acronyms}{}% 9
\BOOKMARK [-1][]{part.1}{Introduction}{}% 10
\BOOKMARK [0][]{chapter.1}{1 Introduction}{part.1}% 11
\BOOKMARK [1][-]{section.1.1}{1.1 Motivation}{chapter.1}% 12
\BOOKMARK [1][-]{section.1.2}{1.2 The Small Sample Size Problem}{chapter.1}% 13
\BOOKMARK [1][-]{section.1.3}{1.3 Aims and Objectives}{chapter.1}% 14
\BOOKMARK [1][-]{section.1.4}{1.4 Organization of this Thesis}{chapter.1}% 15
\BOOKMARK [1][-]{section.1.5}{1.5 Contributions}{chapter.1}% 16
\BOOKMARK [2][-]{subsection.1.5.1}{1.5.1 Articles}{section.1.5}% 17
\BOOKMARK [2][-]{subsection.1.5.2}{1.5.2 Conferences}{section.1.5}% 18
\BOOKMARK [2][-]{subsection.1.5.3}{1.5.3 Books}{section.1.5}% 19
\BOOKMARK [0][]{chapter.2}{2 State of the Art}{part.1}% 20
\BOOKMARK [1][-]{section.2.1}{2.1 Introduction to Neuroimaging}{chapter.2}% 21
\BOOKMARK [2][-]{subsection.2.1.1}{2.1.1 Magnetic Resonance Imaging \(MRI\)}{section.2.1}% 22
\BOOKMARK [2][-]{subsection.2.1.2}{2.1.2 Single Photon Emission Computed Tomography \(SPECT\)}{section.2.1}% 23
\BOOKMARK [2][-]{subsection.2.1.3}{2.1.3 Positron Emission Tomography \(PET\)}{section.2.1}% 24
\BOOKMARK [1][-]{section.2.2}{2.2 Medical Background}{chapter.2}% 25
\BOOKMARK [2][-]{subsection.2.2.1}{2.2.1 Alzheimer's Disease \(AD\)}{section.2.2}% 26
\BOOKMARK [2][-]{subsection.2.2.2}{2.2.2 Parkinsonism \(PKS\)}{section.2.2}% 27
\BOOKMARK [2][-]{subsection.2.2.3}{2.2.3 Autism Spectrum Disorder \(ASD\)}{section.2.2}% 28
\BOOKMARK [1][-]{section.2.3}{2.3 Voxelwise Analyses}{chapter.2}% 29
\BOOKMARK [2][-]{subsection.2.3.1}{2.3.1 Statistical Parametric Mapping \(SPM\)}{section.2.3}% 30
\BOOKMARK [2][-]{subsection.2.3.2}{2.3.2 Voxel Based Morphometry \(VBM\)}{section.2.3}% 31
\BOOKMARK [2][-]{subsection.2.3.3}{2.3.3 The Multiple Comparisons Problem}{section.2.3}% 32
\BOOKMARK [1][-]{section.2.4}{2.4 Machine Learning in Neuroimaging}{chapter.2}% 33
\BOOKMARK [2][-]{subsection.2.4.1}{2.4.1 Voxels As Features \(VAF\)}{section.2.4}% 34
\BOOKMARK [2][-]{subsection.2.4.2}{2.4.2 Multivariate Analyses}{section.2.4}% 35
\BOOKMARK [0][]{chapter.3}{3 General Methodology}{part.1}% 36
\BOOKMARK [1][-]{section.3.1}{3.1 Spatial Preprocessing}{chapter.3}% 37
\BOOKMARK [2][-]{subsection.3.1.1}{3.1.1 Spatial Normalization or Registration}{section.3.1}% 38
\BOOKMARK [2][-]{subsection.3.1.2}{3.1.2 Segmentation}{section.3.1}% 39
\BOOKMARK [1][-]{section.3.2}{3.2 Intensity Normalization}{chapter.3}% 40
\BOOKMARK [1][-]{section.3.3}{3.3 Evaluation Parameters and Methodology}{chapter.3}% 41
\BOOKMARK [2][-]{subsection.3.3.1}{3.3.1 Cross-validation}{section.3.3}% 42
\BOOKMARK [2][-]{subsection.3.3.2}{3.3.2 Classification Performance}{section.3.3}% 43
\BOOKMARK [-1][]{part.2}{Reducing the Feature Space}{}% 44
\BOOKMARK [0][]{chapter.4}{4 Image Decomposition}{part.2}% 45
\BOOKMARK [1][-]{section.4.1}{4.1 Feature Selection}{chapter.4}% 46
\BOOKMARK [2][-]{subsection.4.1.1}{4.1.1 t-test}{section.4.1}% 47
\BOOKMARK [2][-]{subsection.4.1.2}{4.1.2 Relative Entropy}{section.4.1}% 48
\BOOKMARK [2][-]{subsection.4.1.3}{4.1.3 Mann-Whitney-Wilcoxon \(MWW\) U-test}{section.4.1}% 49
\BOOKMARK [1][-]{section.4.2}{4.2 Decomposition Algorithms}{chapter.4}% 50
\BOOKMARK [2][-]{subsection.4.2.1}{4.2.1 Factor Analysis \(FA\)}{section.4.2}% 51
\BOOKMARK [2][-]{subsection.4.2.2}{4.2.2 Independent Component Analysis \(ICA\)}{section.4.2}% 52
\BOOKMARK [1][-]{section.4.3}{4.3 Results}{chapter.4}% 53
\BOOKMARK [2][-]{subsection.4.3.1}{4.3.1 Alzheimer's Disease}{section.4.3}% 54
\BOOKMARK [2][-]{subsection.4.3.2}{4.3.2 Parkinson's Disease}{section.4.3}% 55
\BOOKMARK [1][-]{section.4.4}{4.4 Discussion}{chapter.4}% 56
\BOOKMARK [0][]{chapter.5}{5 Texture Features}{part.2}% 57
\BOOKMARK [1][-]{section.5.1}{5.1 Introduction}{chapter.5}% 58
\BOOKMARK [1][-]{section.5.2}{5.2 Methodology}{chapter.5}% 59
\BOOKMARK [2][-]{subsection.5.2.1}{5.2.1 Volume selection}{section.5.2}% 60
\BOOKMARK [2][-]{subsection.5.2.2}{5.2.2 Haralick Texture Analysis}{section.5.2}% 61
\BOOKMARK [2][-]{subsection.5.2.3}{5.2.3 Experiments}{section.5.2}% 62
\BOOKMARK [1][-]{section.5.3}{5.3 Results}{chapter.5}% 63
\BOOKMARK [2][-]{subsection.5.3.1}{5.3.1 Experiment 1: Individual Texture Features}{section.5.3}% 64
\BOOKMARK [2][-]{subsection.5.3.2}{5.3.2 Experiment 2: Selected Texture Features}{section.5.3}% 65
\BOOKMARK [1][-]{section.5.4}{5.4 Discussion}{chapter.5}% 66
\BOOKMARK [0][]{chapter.6}{6 Spherical Brain Mapping}{part.2}% 67
\BOOKMARK [1][-]{section.6.1}{6.1 Introduction}{chapter.6}% 68
\BOOKMARK [1][-]{section.6.2}{6.2 Spherical Brain Mapping \(SBM\)}{chapter.6}% 69
\BOOKMARK [2][-]{subsection.6.2.1}{6.2.1 Layered Extension}{section.6.2}% 70
\BOOKMARK [2][-]{subsection.6.2.2}{6.2.2 Volumetric Radial LBP \(VRLBP\)}{section.6.2}% 71
\BOOKMARK [2][-]{subsection.6.2.3}{6.2.3 Anatomical Reference}{section.6.2}% 72
\BOOKMARK [1][-]{section.6.3}{6.3 Sampling Paths via Hidden Markov Models \(HMMs\)}{chapter.6}% 73
\BOOKMARK [2][-]{subsection.6.3.1}{6.3.1 Radial Texture Features}{section.6.3}% 74
\BOOKMARK [1][-]{section.6.4}{6.4 Evaluation}{chapter.6}% 75
\BOOKMARK [1][-]{section.6.5}{6.5 Results}{chapter.6}% 76
\BOOKMARK [2][-]{subsection.6.5.1}{6.5.1 Experiment 1: Original and VRLBP Spherical Brain Mapping}{section.6.5}% 77
\BOOKMARK [2][-]{subsection.6.5.2}{6.5.2 Experiment 2: Layered Extension}{section.6.5}% 78
\BOOKMARK [2][-]{subsection.6.5.3}{6.5.3 Experiment 3: HMM on Synthetic Datasets}{section.6.5}% 79
\BOOKMARK [2][-]{subsection.6.5.4}{6.5.4 Experiment 4: Feature Selection using HMM Paths}{section.6.5}% 80
\BOOKMARK [2][-]{subsection.6.5.5}{6.5.5 Experiment 5: Texture SBM Maps based on HMM Paths}{section.6.5}% 81
\BOOKMARK [1][-]{section.6.6}{6.6 Discussion}{chapter.6}% 82
\BOOKMARK [2][-]{subsection.6.6.1}{6.6.1 Spherical Brain Mapping}{section.6.6}% 83
\BOOKMARK [2][-]{subsection.6.6.2}{6.6.2 Paths via HMM}{section.6.6}% 84
\BOOKMARK [2][-]{subsection.6.6.3}{6.6.3 SBM Framework Comparison}{section.6.6}% 85
\BOOKMARK [-1][]{part.3}{Increasing the Sample Size}{}% 86
\BOOKMARK [0][]{chapter.7}{7 Significance Weighted Principal Component Analysis}{part.3}% 87
\BOOKMARK [1][-]{section.7.1}{7.1 Significance Weighted Principal Component Analysis \(SWPCA\)}{chapter.7}% 88
\BOOKMARK [2][-]{subsection.7.1.1}{7.1.1 Principal Component Analysis \(PCA\)}{section.7.1}% 89
\BOOKMARK [2][-]{subsection.7.1.2}{7.1.2 One-Way Analysis Of Variance \(ANOVA\)}{section.7.1}% 90
\BOOKMARK [2][-]{subsection.7.1.3}{7.1.3 Weighting Function}{section.7.1}% 91
\BOOKMARK [1][-]{section.7.2}{7.2 Evaluation of SWPCA}{chapter.7}% 92
\BOOKMARK [1][-]{section.7.3}{7.3 Results for AIMS-MRI Dataset}{chapter.7}% 93
\BOOKMARK [2][-]{subsection.7.3.1}{7.3.1 Experiment 1: Effect of Acquisition Site}{section.7.3}% 94
\BOOKMARK [2][-]{subsection.7.3.2}{7.3.2 Experiment 2: Within-site Between-Group Differences}{section.7.3}% 95
\BOOKMARK [2][-]{subsection.7.3.3}{7.3.3 Experiment 3: Effect of SWPCA on Group Differences}{section.7.3}% 96
\BOOKMARK [1][-]{section.7.4}{7.4 Discussion}{chapter.7}% 97
\BOOKMARK [0][]{chapter.8}{8 Simulation of Functional Brain Images}{part.3}% 98
\BOOKMARK [1][-]{section.8.1}{8.1 Simulation Methodology}{chapter.8}% 99
\BOOKMARK [2][-]{subsection.8.1.1}{8.1.1 PCA Decomposition}{section.8.1}% 100
\BOOKMARK [2][-]{subsection.8.1.2}{8.1.2 Density Estimation}{section.8.1}% 101
\BOOKMARK [2][-]{subsection.8.1.3}{8.1.3 Brain Image Synthesis}{section.8.1}% 102
\BOOKMARK [1][-]{section.8.2}{8.2 Experimental Setup}{chapter.8}% 103
\BOOKMARK [1][-]{section.8.3}{8.3 Results}{chapter.8}% 104
\BOOKMARK [2][-]{subsection.8.3.1}{8.3.1 Baseline}{section.8.3}% 105
\BOOKMARK [2][-]{subsection.8.3.2}{8.3.2 Experiment 1: Predictive Power of the Simulated Images}{section.8.3}% 106
\BOOKMARK [2][-]{subsection.8.3.3}{8.3.3 Experiment 2: Independence of the Simulated Images}{section.8.3}% 107
\BOOKMARK [1][-]{section.8.4}{8.4 Discussion}{chapter.8}% 108
\BOOKMARK [-1][]{part.4}{General Discussion and Conclusions}{}% 109
\BOOKMARK [0][]{chapter.9}{9 General Discussion and Conclusions}{part.4}% 110
\BOOKMARK [1][-]{section.9.1}{9.1 General Discussion}{chapter.9}% 111
\BOOKMARK [2][-]{subsection.9.1.1}{9.1.1 Discussion on the algorithms}{section.9.1}% 112
\BOOKMARK [2][-]{subsection.9.1.2}{9.1.2 Discussion on the Disorders}{section.9.1}% 113
\BOOKMARK [1][-]{section.9.2}{9.2 Conclusions}{chapter.9}% 114
\BOOKMARK [-1][]{part.5}{Appendix}{}% 115
\BOOKMARK [0][]{appendix.A}{A Datasets}{part.5}% 116
\BOOKMARK [1][-]{section.A.1}{A.1 MRI}{appendix.A}% 117
\BOOKMARK [2][-]{subsection.A.1.1}{A.1.1 ADNI-MRI and the Alzheimer's Disease Neuroimaging Initiative}{section.A.1}% 118
\BOOKMARK [2][-]{subsection.A.1.2}{A.1.2 AIMS-MRI, MRC-AIMS Consortium}{section.A.1}% 119
\BOOKMARK [1][-]{section.A.2}{A.2 PET}{appendix.A}% 120
\BOOKMARK [2][-]{subsection.A.2.1}{A.2.1 ADNI-PET, Alzheimer's Disease Neuroimaging Initiative}{section.A.2}% 121
\BOOKMARK [1][-]{section.A.3}{A.3 SPECT}{appendix.A}% 122
\BOOKMARK [2][-]{subsection.A.3.1}{A.3.1 VDLN-HMPAO, Virgen de las Nieves}{section.A.3}% 123
\BOOKMARK [2][-]{subsection.A.3.2}{A.3.2 VDLN-DAT, Virgen de las Nieves}{section.A.3}% 124
\BOOKMARK [2][-]{subsection.A.3.3}{A.3.3 VDLV-DAT, Virgen de la Victoria Hospital}{section.A.3}% 125
\BOOKMARK [2][-]{subsection.A.3.4}{A.3.4 PPMI-DAT, Parkinson's Progression Markers Initiative}{section.A.3}% 126
\BOOKMARK [0][]{appendix.B}{B Background on Support Vector Machines \(SVMs\)}{part.5}% 127
\BOOKMARK [-1][]{equation.B.0.9}{Bibliography}{}% 128
